[debug] [2024-02-27T12:04:06.348Z] ----------------------------------------------------------------------
[debug] [2024-02-27T12:04:06.351Z] Command:       /usr/local/bin/node /usr/local/bin/firebase init
[debug] [2024-02-27T12:04:06.352Z] CLI Version:   13.3.1
[debug] [2024-02-27T12:04:06.352Z] Platform:      darwin
[debug] [2024-02-27T12:04:06.353Z] Node Version:  v20.11.0
[debug] [2024-02-27T12:04:06.353Z] Time:          Tue Feb 27 2024 17:04:06 GMT+0500 (Pakistan Standard Time)
[debug] [2024-02-27T12:04:06.353Z] ----------------------------------------------------------------------
[debug] 
[debug] [2024-02-27T12:04:06.359Z] > command requires scopes: ["email","openid","https://www.googleapis.com/auth/cloudplatformprojects.readonly","https://www.googleapis.com/auth/firebase","https://www.googleapis.com/auth/cloud-platform"]
[debug] [2024-02-27T12:04:06.359Z] > authorizing via signed-in user (auroobtoor98@gmail.com)
[info] 
     ######## #### ########  ######## ########     ###     ######  ########
     ##        ##  ##     ## ##       ##     ##  ##   ##  ##       ##
     ######    ##  ########  ######   ########  #########  ######  ######
     ##        ##  ##    ##  ##       ##     ## ##     ##       ## ##
     ##       #### ##     ## ######## ########  ##     ##  ######  ########

You're about to initialize a Firebase project in this directory:

  /Users/auroobahmad/Desktop/nextjs-portfolio

[info] 
=== Project Setup
[info] 
[info] First, let's associate this project directory with a Firebase project.
[info] You can create multiple project aliases by running firebase use --add, 
[info] but for now we'll just set up a default project.
[info] 
[debug] [2024-02-27T12:04:15.093Z] >>> [apiv2][query] GET https://firebase.googleapis.com/v1beta1/projects pageSize=100
[debug] [2024-02-27T12:04:15.887Z] <<< [apiv2][status] GET https://firebase.googleapis.com/v1beta1/projects 200
[debug] [2024-02-27T12:04:15.888Z] <<< [apiv2][body] GET https://firebase.googleapis.com/v1beta1/projects [omitted]
[info] i  Using project geko-tech (geko-tech) 
[info] 
=== Hosting Setup
[debug] [2024-02-27T12:04:18.421Z] >>> [apiv2][query] GET https://firebase.googleapis.com/v1beta1/projects/geko-tech [none]
[debug] [2024-02-27T12:04:18.850Z] <<< [apiv2][status] GET https://firebase.googleapis.com/v1beta1/projects/geko-tech 200
[debug] [2024-02-27T12:04:18.850Z] <<< [apiv2][body] GET https://firebase.googleapis.com/v1beta1/projects/geko-tech {"projectId":"geko-tech","projectNumber":"50179050127","displayName":"geko-tech","name":"projects/geko-tech","resources":{"hostingSite":"geko-tech"},"state":"ACTIVE","etag":"1_eec94ac8-b46c-43dc-9a94-7ea5d8fbfef6"}
[info] 
[info] Your public directory is the folder (relative to your project directory) that
[info] will contain Hosting assets to be uploaded with firebase deploy. If you
[info] have a build process for your assets, use your build's output directory.
[info] 
[info] ✔  Wrote public/404.html 
[debug] [2024-02-27T12:06:09.266Z] >>> [apiv2][query] GET https://www.gstatic.com/firebasejs/releases.json [none]
[debug] [2024-02-27T12:06:09.600Z] <<< [apiv2][status] GET https://www.gstatic.com/firebasejs/releases.json 200
[debug] [2024-02-27T12:06:09.601Z] <<< [apiv2][body] GET https://www.gstatic.com/firebasejs/releases.json {"current":{"version":"10.8.0","browserURL":"https://www.gstatic.com/firebasejs/10.8.0/firebase.js","packageURL":"https://www.gstatic.com/firebasejs/10.8.0/firebase.tgz"},"live":{"version":"10.8","browserURL":"https://www.gstatic.com/firebasejs/live/10.8/firebase.js","packageURL":"https://www.gstatic.com/firebasejs/live/10.8/firebase.tgz"},"components":{"analytics":"https://www.gstatic.com/firebasejs/10.8.0/firebase-analytics.js","app":"https://www.gstatic.com/firebasejs/10.8.0/firebase-app.js","app-check":"https://www.gstatic.com/firebasejs/10.8.0/firebase-app-check.js","auth":"https://www.gstatic.com/firebasejs/10.8.0/firebase-auth.js","auth/cordova":"https://www.gstatic.com/firebasejs/10.8.0/firebase-auth/cordova.js","auth/web-extension":"https://www.gstatic.com/firebasejs/10.8.0/firebase-auth/web-extension.js","functions":"https://www.gstatic.com/firebasejs/10.8.0/firebase-functions.js","firestore":"https://www.gstatic.com/firebasejs/10.8.0/firebase-firestore.js","firestore/lite":"https://www.gstatic.com/firebasejs/10.8.0/firebase-firestore/lite.js","installations":"https://www.gstatic.com/firebasejs/10.8.0/firebase-installations.js","storage":"https://www.gstatic.com/firebasejs/10.8.0/firebase-storage.js","performance":"https://www.gstatic.com/firebasejs/10.8.0/firebase-performance.js","remote-config":"https://www.gstatic.com/firebasejs/10.8.0/firebase-remote-config.js","messaging":"https://www.gstatic.com/firebasejs/10.8.0/firebase-messaging.js","messaging/sw":"https://www.gstatic.com/firebasejs/10.8.0/firebase-messaging/sw.js","database":"https://www.gstatic.com/firebasejs/10.8.0/firebase-database.js","firestore.memory":"https://www.gstatic.com/firebasejs/10.8.0/firebase-firestore.memory.js"}}
[info] ✔  Wrote public/index.html 
[info] 
[info] i  Detected a .git folder at /Users/auroobahmad/Desktop/nextjs-portfolio 
[info] i  Authorizing with GitHub to upload your service account to a GitHub repository's secrets store. 
[info] 
[info] Visit this URL on this device to log in:
[info] https://github.com/login/oauth/authorize?client_id=89cf50f02ac6aaed3484&state=55720337&redirect_uri=http%3A%2F%2Flocalhost%3A9005&scope=read%3Auser%20repo%20public_repo
[info] 
[info] Waiting for authentication...
[debug] [2024-02-27T12:06:19.687Z] >>> [apiv2][query] POST https://github.com/login/oauth/access_token [none]
[debug] [2024-02-27T12:06:19.687Z] >>> [apiv2][body] POST https://github.com/login/oauth/access_token [stream]
[debug] [2024-02-27T12:06:20.380Z] <<< [apiv2][status] POST https://github.com/login/oauth/access_token 200
[debug] [2024-02-27T12:06:20.380Z] <<< [apiv2][body] POST https://github.com/login/oauth/access_token {"access_token":"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","token_type":"bearer","scope":"read:user,repo"}
[debug] [2024-02-27T12:06:20.385Z] >>> [apiv2][query] GET https://api.github.com/user [none]
[debug] [2024-02-27T12:06:21.120Z] <<< [apiv2][status] GET https://api.github.com/user 200
[debug] [2024-02-27T12:06:21.121Z] <<< [apiv2][body] GET https://api.github.com/user {"login":"Auroob","id":50691994,"node_id":"MDQ6VXNlcjUwNjkxOTk0","avatar_url":"https://avatars.githubusercontent.com/u/50691994?v=4","gravatar_id":"","url":"https://api.github.com/users/Auroob","html_url":"https://github.com/Auroob","followers_url":"https://api.github.com/users/Auroob/followers","following_url":"https://api.github.com/users/Auroob/following{/other_user}","gists_url":"https://api.github.com/users/Auroob/gists{/gist_id}","starred_url":"https://api.github.com/users/Auroob/starred{/owner}{/repo}","subscriptions_url":"https://api.github.com/users/Auroob/subscriptions","organizations_url":"https://api.github.com/users/Auroob/orgs","repos_url":"https://api.github.com/users/Auroob/repos","events_url":"https://api.github.com/users/Auroob/events{/privacy}","received_events_url":"https://api.github.com/users/Auroob/received_events","type":"User","site_admin":false,"name":"Auroob Ahmad","company":"Breu ","blog":"","location":"Pakistan","email":null,"hireable":null,"bio":"Software Engineer ","twitter_username":"Auroob1","public_repos":6,"public_gists":0,"followers":3,"following":8,"created_at":"2019-05-16T05:57:14Z","updated_at":"2024-02-27T12:06:15Z","private_gists":0,"total_private_repos":5,"owned_private_repos":5,"disk_usage":8237,"collaborators":1,"two_factor_authentication":false,"plan":{"name":"free","space":976562499,"collaborators":0,"private_repos":10000}}
[info] 
[info] ✔  Success! Logged into GitHub as Auroob 
[info] 
[debug] [2024-02-27T12:07:11.267Z] >>> [apiv2][query] GET https://api.github.com/repos//actions/secrets/public-key type=owner
[debug] [2024-02-27T12:07:11.896Z] >>> [apiv2][query] GET https://api.github.com/repos//actions/secrets/public-key type=owner
[debug] [2024-02-27T12:07:11.902Z] <<< [apiv2][status] GET https://api.github.com/repos//actions/secrets/public-key 404
[debug] [2024-02-27T12:07:11.902Z] <<< [apiv2][body] GET https://api.github.com/repos//actions/secrets/public-key {"message":"Not Found","documentation_url":"https://docs.github.com/rest"}
[info] 
[info] 
[error] ⚠  The provided authorization cannot be used with this repository. If this repository is in an organization, did you remember to grant access? 
[info] 
[info] i  Action required: Visit this URL to ensure access has been granted to the appropriate organization(s) for the Firebase CLI GitHub OAuth App: 
[info] https://github.com/settings/connections/applications/89cf50f02ac6aaed3484
[info] 
[debug] [2024-02-27T12:07:12.529Z] <<< [apiv2][status] GET https://api.github.com/repos//actions/secrets/public-key 404
[debug] [2024-02-27T12:07:12.529Z] <<< [apiv2][body] GET https://api.github.com/repos//actions/secrets/public-key {"message":"Not Found","documentation_url":"https://docs.github.com/rest"}
[info] 
[info] 
[error] ⚠  The provided authorization cannot be used with this repository. If this repository is in an organization, did you remember to grant access? 
[info] 
[info] i  Action required: Visit this URL to ensure access has been granted to the appropriate organization(s) for the Firebase CLI GitHub OAuth App: 
[info] https://github.com/settings/connections/applications/89cf50f02ac6aaed3484
[info] 
[debug] [2024-02-27T12:07:12.665Z] >>> [apiv2][query] GET https://api.github.com/repos//actions/secrets/public-key type=owner
[debug] [2024-02-27T12:07:13.028Z] <<< [apiv2][status] GET https://api.github.com/repos//actions/secrets/public-key 404
[debug] [2024-02-27T12:07:13.028Z] <<< [apiv2][body] GET https://api.github.com/repos//actions/secrets/public-key {"message":"Not Found","documentation_url":"https://docs.github.com/rest"}
[info] 
[info] 
[error] ⚠  The provided authorization cannot be used with this repository. If this repository is in an organization, did you remember to grant access? 
[info] 
[info] i  Action required: Visit this URL to ensure access has been granted to the appropriate organization(s) for the Firebase CLI GitHub OAuth App: 
[info] https://github.com/settings/connections/applications/89cf50f02ac6aaed3484
[info] 
